<?xml version="1.0" encoding="UTF-8"?>
<coverage generated="1790156205711" clover="3.2.0">
  <project timestamp="1790156205711" name="All files">
    <metrics statements="126" coveredstatements="124" conditionals="109" coveredconditionals="98" methods="22" coveredmethods="22" elements="257" coveredelements="244" complexity="0" loc="126" ncloc="126" packages="1" files="4" classes="4"/>
    <file name="edit-json.ts" path="/Users/guillaume/github/release-tools/merged-packages/apply-release-plan/src/edit-json.ts">
      <metrics statements="21" coveredstatements="21" conditionals="13" coveredconditionals="12" methods="4" coveredmethods="4"/>
      <line num="23" count="100" type="stmt"/>
      <line num="24" count="100" type="stmt"/>
      <line num="30" count="100" type="cond" truecount="2" falsecount="0"/>
      <line num="31" count="1" type="stmt"/>
      <line num="33" count="99" type="cond" truecount="2" falsecount="0"/>
      <line num="35" count="2" type="stmt"/>
      <line num="36" count="2" type="stmt"/>
      <line num="41" count="97" type="stmt"/>
      <line num="42" count="128" type="stmt"/>
      <line num="43" count="128" type="cond" truecount="2" falsecount="0"/>
      <line num="44" count="1" type="stmt"/>
      <line num="46" count="127" type="stmt"/>
      <line num="53" count="96" type="stmt"/>
      <line num="57" count="128" type="stmt"/>
      <line num="58" count="128" type="stmt"/>
      <line num="59" count="163" type="cond" truecount="1" falsecount="1"/>
      <line num="60" count="163" type="stmt"/>
      <line num="62" count="325" type="cond" truecount="3" falsecount="0"/>
      <line num="66" count="163" type="cond" truecount="2" falsecount="0"/>
      <line num="68" count="162" type="stmt"/>
      <line num="70" count="127" type="stmt"/>
    </file>
    <file name="get-changelog-entry.ts" path="/Users/guillaume/github/release-tools/merged-packages/apply-release-plan/src/get-changelog-entry.ts">
      <metrics statements="37" coveredstatements="37" conditionals="22" coveredconditionals="19" methods="10" coveredmethods="10"/>
      <line num="31" count="21" type="cond" truecount="2" falsecount="0"/>
      <line num="33" count="19" type="stmt"/>
      <line num="43" count="19" type="stmt"/>
      <line num="44" count="30" type="stmt"/>
      <line num="45" count="21" type="cond" truecount="4" falsecount="0"/>
      <line num="46" count="20" type="stmt"/>
      <line num="53" count="18" type="stmt"/>
      <line num="54" count="38" type="stmt"/>
      <line num="56" count="38" type="stmt"/>
      <line num="58" count="38" type="cond" truecount="2" falsecount="0"/>
      <line num="59" count="38" type="stmt"/>
      <line num="60" count="38" type="stmt"/>
      <line num="78" count="18" type="stmt"/>
      <line num="80" count="18" type="stmt"/>
      <line num="81" count="5" type="stmt"/>
      <line num="82" count="4" type="stmt"/>
      <line num="86" count="18" type="stmt"/>
      <line num="87" count="20" type="stmt"/>
      <line num="90" count="18" type="stmt"/>
      <line num="100" count="18" type="stmt"/>
      <line num="106" count="18" type="stmt"/>
      <line num="111" count="72" type="stmt"/>
      <line num="113" count="18" type="cond" truecount="2" falsecount="0"/>
      <line num="114" count="1" type="stmt"/>
      <line num="117" count="18" type="stmt"/>
      <line num="125" count="60" type="stmt"/>
      <line num="126" count="60" type="cond" truecount="2" falsecount="0"/>
      <line num="128" count="23" type="stmt"/>
      <line num="131" count="23" type="stmt"/>
      <line num="133" count="23" type="stmt"/>
      <line num="135" count="38" type="cond" truecount="1" falsecount="1"/>
      <line num="136" count="38" type="stmt"/>
      <line num="139" count="38" type="stmt"/>
      <line num="140" count="38" type="stmt"/>
      <line num="143" count="38" type="cond" truecount="1" falsecount="1"/>
      <line num="144" count="38" type="stmt"/>
      <line num="147" count="23" type="stmt"/>
    </file>
    <file name="utils.ts" path="/Users/guillaume/github/release-tools/merged-packages/apply-release-plan/src/utils.ts">
      <metrics statements="24" coveredstatements="22" conditionals="16" coveredconditionals="14" methods="3" coveredmethods="3"/>
      <line num="9" count="2" type="stmt"/>
      <line num="13" count="82" type="stmt"/>
      <line num="14" count="82" type="cond" truecount="1" falsecount="1"/>
      <line num="15" count="0" type="stmt"/>
      <line num="17" count="82" type="stmt"/>
      <line num="42" count="68" type="cond" truecount="2" falsecount="0"/>
      <line num="43" count="1" type="stmt"/>
      <line num="45" count="67" type="stmt"/>
      <line num="46" count="67" type="cond" truecount="2" falsecount="0"/>
      <line num="47" count="6" type="stmt"/>
      <line num="48" count="6" type="cond" truecount="4" falsecount="0"/>
      <line num="51" count="1" type="stmt"/>
      <line num="54" count="2" type="stmt"/>
      <line num="55" count="2" type="stmt"/>
      <line num="57" count="3" type="cond" truecount="1" falsecount="1"/>
      <line num="58" count="0" type="stmt"/>
      <line num="67" count="66" type="cond" truecount="2" falsecount="0"/>
      <line num="69" count="25" type="stmt"/>
      <line num="72" count="41" type="stmt"/>
      <line num="73" count="41" type="stmt"/>
      <line num="75" count="41" type="cond" truecount="2" falsecount="0"/>
      <line num="76" count="1" type="stmt"/>
      <line num="78" count="41" type="stmt"/>
      <line num="82" count="23" type="stmt"/>
    </file>
    <file name="version-package.ts" path="/Users/guillaume/github/release-tools/merged-packages/apply-release-plan/src/version-package.ts">
      <metrics statements="44" coveredstatements="44" conditionals="58" coveredconditionals="53" methods="5" coveredmethods="5"/>
      <line num="10" count="1" type="stmt"/>
      <line num="38" count="143" type="stmt"/>
      <line num="40" count="143" type="stmt"/>
      <line num="41" count="572" type="stmt"/>
      <line num="42" count="572" type="cond" truecount="2" falsecount="0"/>
      <line num="43" count="56" type="stmt"/>
      <line num="44" count="122" type="stmt"/>
      <line num="45" count="122" type="cond" truecount="4" falsecount="0"/>
      <line num="46" count="7" type="stmt"/>
      <line num="49" count="115" type="stmt"/>
      <line num="50" count="115" type="cond" truecount="2" falsecount="0"/>
      <line num="67" count="77" type="stmt"/>
      <line num="69" count="38" type="stmt"/>
      <line num="71" count="38" type="cond" truecount="2" falsecount="0"/>
      <line num="76" count="3" type="stmt"/>
      <line num="79" count="35" type="cond" truecount="2" falsecount="0"/>
      <line num="80" count="6" type="stmt"/>
      <line num="84" count="6" type="cond" truecount="2" falsecount="0"/>
      <line num="90" count="3" type="stmt"/>
      <line num="92" count="3" type="stmt"/>
      <line num="94" count="32" type="cond" truecount="2" falsecount="0"/>
      <line num="104" count="31" type="cond" truecount="2" falsecount="0"/>
      <line num="107" count="31" type="cond" truecount="2" falsecount="0"/>
      <line num="108" count="31" type="stmt"/>
      <line num="114" count="143" type="stmt"/>
      <line num="122" count="30" type="stmt"/>
      <line num="124" count="30" type="cond" truecount="1" falsecount="1"/>
      <line num="126" count="30" type="cond" truecount="2" falsecount="0"/>
      <line num="132" count="7" type="stmt"/>
      <line num="133" count="8" type="stmt"/>
      <line num="135" count="7" type="stmt"/>
      <line num="136" count="13" type="stmt"/>
      <line num="139" count="7" type="cond" truecount="3" falsecount="1"/>
      <line num="140" count="7" type="stmt"/>
      <line num="141" count="7" type="cond" truecount="2" falsecount="0"/>
      <line num="142" count="6" type="stmt"/>
      <line num="145" count="7" type="cond" truecount="2" falsecount="0"/>
      <line num="151" count="23" type="stmt"/>
      <line num="157" count="23" type="cond" truecount="2" falsecount="0"/>
      <line num="158" count="14" type="cond" truecount="2" falsecount="0"/>
      <line num="159" count="10" type="cond" truecount="1" falsecount="1"/>
      <line num="160" count="10" type="cond" truecount="1" falsecount="1"/>
      <line num="161" count="10" type="cond" truecount="1" falsecount="1"/>
      <line num="162" count="10" type="stmt"/>
    </file>
  </project>
</coverage>
