{"/Users/guillaume/github/release-tools/merged-packages/apply-release-plan/src/edit-json.ts": {"path":"/Users/guillaume/github/release-tools/merged-packages/apply-release-plan/src/edit-json.ts","statementMap":{"0":{"start":{"line":23,"column":31},"end":{"line":23,"column":null}},"1":{"start":{"line":24,"column":17},"end":{"line":28,"column":null}},"2":{"start":{"line":30,"column":2},"end":{"line":32,"column":null}},"3":{"start":{"line":31,"column":4},"end":{"line":31,"column":null}},"4":{"start":{"line":33,"column":2},"end":{"line":39,"column":null}},"5":{"start":{"line":35,"column":18},"end":{"line":35,"column":null}},"6":{"start":{"line":36,"column":4},"end":{"line":38,"column":null}},"7":{"start":{"line":41,"column":28},"end":{"line":51,"column":null}},"8":{"start":{"line":42,"column":22},"end":{"line":42,"column":null}},"9":{"start":{"line":43,"column":4},"end":{"line":45,"column":null}},"10":{"start":{"line":44,"column":6},"end":{"line":44,"column":null}},"11":{"start":{"line":46,"column":4},"end":{"line":50,"column":null}},"12":{"start":{"line":53,"column":2},"end":{"line":53,"column":null}},"13":{"start":{"line":57,"column":13},"end":{"line":57,"column":null}},"14":{"start":{"line":58,"column":2},"end":{"line":69,"column":null}},"15":{"start":{"line":59,"column":4},"end":{"line":59,"column":null}},"16":{"start":{"line":59,"column":32},"end":{"line":59,"column":null}},"17":{"start":{"line":60,"column":21},"end":{"line":65,"column":null}},"18":{"start":{"line":62,"column":8},"end":{"line":64,"column":null}},"19":{"start":{"line":66,"column":4},"end":{"line":66,"column":null}},"20":{"start":{"line":66,"column":19},"end":{"line":66,"column":null}},"21":{"start":{"line":68,"column":4},"end":{"line":68,"column":null}},"22":{"start":{"line":70,"column":2},"end":{"line":70,"column":null}}},"fnMap":{"0":{"name":"editJson","decl":{"start":{"line":19,"column":16},"end":{"line":19,"column":null}},"loc":{"start":{"line":22,"column":10},"end":{"line":54,"column":null}}},"1":{"name":"(anonymous_1)","decl":{"start":{"line":41,"column":39},"end":{"line":41,"column":44}},"loc":{"start":{"line":41,"column":51},"end":{"line":51,"column":3}}},"2":{"name":"getValueNode","decl":{"start":{"line":56,"column":9},"end":{"line":56,"column":22}},"loc":{"start":{"line":56,"column":63},"end":{"line":71,"column":null}}},"3":{"name":"(anonymous_3)","decl":{"start":{"line":60,"column":36},"end":{"line":60,"column":null}},"loc":{"start":{"line":62,"column":8},"end":{"line":64,"column":null}}}},"branchMap":{"0":{"loc":{"start":{"line":30,"column":2},"end":{"line":32,"column":null}},"type":"if","locations":[{"start":{"line":30,"column":2},"end":{"line":32,"column":null}},{"start":{},"end":{}}]},"1":{"loc":{"start":{"line":33,"column":2},"end":{"line":39,"column":null}},"type":"if","locations":[{"start":{"line":33,"column":2},"end":{"line":39,"column":null}},{"start":{},"end":{}}]},"2":{"loc":{"start":{"line":43,"column":4},"end":{"line":45,"column":null}},"type":"if","locations":[{"start":{"line":43,"column":4},"end":{"line":45,"column":null}},{"start":{},"end":{}}]},"3":{"loc":{"start":{"line":59,"column":4},"end":{"line":59,"column":null}},"type":"if","locations":[{"start":{"line":59,"column":4},"end":{"line":59,"column":null}},{"start":{},"end":{}}]},"4":{"loc":{"start":{"line":62,"column":8},"end":{"line":64,"column":null}},"type":"binary-expr","locations":[{"start":{"line":62,"column":8},"end":{"line":62,"column":null}},{"start":{"line":63,"column":8},"end":{"line":63,"column":null}},{"start":{"line":64,"column":8},"end":{"line":64,"column":null}}]},"5":{"loc":{"start":{"line":66,"column":4},"end":{"line":66,"column":null}},"type":"if","locations":[{"start":{"line":66,"column":4},"end":{"line":66,"column":null}},{"start":{},"end":{}}]}},"s":{"0":100,"1":100,"2":100,"3":1,"4":99,"5":2,"6":2,"7":97,"8":128,"9":128,"10":1,"11":127,"12":96,"13":128,"14":128,"15":163,"16":0,"17":163,"18":325,"19":163,"20":1,"21":162,"22":127},"f":{"0":100,"1":128,"2":128,"3":325},"b":{"0":[1,99],"1":[2,97],"2":[1,127],"3":[0,163],"4":[325,325,325],"5":[1,162]}}
,"/Users/guillaume/github/release-tools/merged-packages/apply-release-plan/src/get-changelog-entry.ts": {"path":"/Users/guillaume/github/release-tools/merged-packages/apply-release-plan/src/get-changelog-entry.ts","statementMap":{"0":{"start":{"line":31,"column":2},"end":{"line":31,"column":null}},"1":{"start":{"line":31,"column":31},"end":{"line":31,"column":null}},"2":{"start":{"line":33,"column":41},"end":{"line":37,"column":null}},"3":{"start":{"line":43,"column":2},"end":{"line":52,"column":null}},"4":{"start":{"line":44,"column":16},"end":{"line":44,"column":null}},"5":{"start":{"line":44,"column":40},"end":{"line":44,"column":63}},"6":{"start":{"line":45,"column":4},"end":{"line":51,"column":null}},"7":{"start":{"line":46,"column":6},"end":{"line":50,"column":null}},"8":{"start":{"line":53,"column":28},"end":{"line":76,"column":null}},"9":{"start":{"line":54,"column":35},"end":{"line":54,"column":null}},"10":{"start":{"line":56,"column":6},"end":{"line":56,"column":null}},"11":{"start":{"line":58,"column":25},"end":{"line":58,"column":null}},"12":{"start":{"line":59,"column":31},"end":{"line":59,"column":null}},"13":{"start":{"line":60,"column":4},"end":{"line":74,"column":null}},"14":{"start":{"line":78,"column":44},"end":{"line":78,"column":null}},"15":{"start":{"line":80,"column":2},"end":{"line":84,"column":null}},"16":{"start":{"line":81,"column":4},"end":{"line":83,"column":null}},"17":{"start":{"line":82,"column":6},"end":{"line":82,"column":null}},"18":{"start":{"line":86,"column":29},"end":{"line":88,"column":null}},"19":{"start":{"line":87,"column":4},"end":{"line":87,"column":null}},"20":{"start":{"line":90,"column":2},"end":{"line":98,"column":null}},"21":{"start":{"line":100,"column":33},"end":{"line":104,"column":null}},"22":{"start":{"line":106,"column":24},"end":{"line":111,"column":null}},"23":{"start":{"line":111,"column":21},"end":{"line":111,"column":25}},"24":{"start":{"line":113,"column":2},"end":{"line":115,"column":null}},"25":{"start":{"line":114,"column":4},"end":{"line":114,"column":null}},"26":{"start":{"line":117,"column":2},"end":{"line":117,"column":null}},"27":{"start":{"line":125,"column":23},"end":{"line":125,"column":null}},"28":{"start":{"line":125,"column":43},"end":{"line":125,"column":44}},"29":{"start":{"line":126,"column":2},"end":{"line":126,"column":null}},"30":{"start":{"line":126,"column":28},"end":{"line":126,"column":null}},"31":{"start":{"line":128,"column":16},"end":{"line":128,"column":null}},"32":{"start":{"line":131,"column":17},"end":{"line":131,"column":null}},"33":{"start":{"line":133,"column":2},"end":{"line":145,"column":null}},"34":{"start":{"line":135,"column":31},"end":{"line":135,"column":null}},"35":{"start":{"line":136,"column":4},"end":{"line":136,"column":null}},"36":{"start":{"line":139,"column":28},"end":{"line":139,"column":null}},"37":{"start":{"line":140,"column":4},"end":{"line":140,"column":null}},"38":{"start":{"line":143,"column":29},"end":{"line":143,"column":null}},"39":{"start":{"line":144,"column":4},"end":{"line":144,"column":null}},"40":{"start":{"line":147,"column":2},"end":{"line":147,"column":null}}},"fnMap":{"0":{"name":"getChangelogEntry","decl":{"start":{"line":16,"column":22},"end":{"line":16,"column":null}},"loc":{"start":{"line":30,"column":2},"end":{"line":118,"column":null}}},"1":{"name":"(anonymous_1)","decl":{"start":{"line":43,"column":13},"end":{"line":43,"column":22}},"loc":{"start":{"line":43,"column":29},"end":{"line":52,"column":3}}},"2":{"name":"(anonymous_2)","decl":{"start":{"line":44,"column":28},"end":{"line":44,"column":34}},"loc":{"start":{"line":44,"column":40},"end":{"line":44,"column":63}}},"3":{"name":"(anonymous_3)","decl":{"start":{"line":53,"column":37},"end":{"line":53,"column":45}},"loc":{"start":{"line":53,"column":53},"end":{"line":76,"column":3}}},"4":{"name":"(anonymous_4)","decl":{"start":{"line":80,"column":20},"end":{"line":80,"column":29}},"loc":{"start":{"line":80,"column":37},"end":{"line":84,"column":3}}},"5":{"name":"(anonymous_5)","decl":{"start":{"line":81,"column":19},"end":{"line":81,"column":28}},"loc":{"start":{"line":81,"column":35},"end":{"line":83,"column":5}}},"6":{"name":"(anonymous_6)","decl":{"start":{"line":86,"column":40},"end":{"line":86,"column":48}},"loc":{"start":{"line":87,"column":4},"end":{"line":87,"column":null}}},"7":{"name":"(anonymous_7)","decl":{"start":{"line":111,"column":4},"end":{"line":111,"column":12}},"loc":{"start":{"line":111,"column":21},"end":{"line":111,"column":25}}},"8":{"name":"generateMarkdownForVersionType","decl":{"start":{"line":121,"column":16},"end":{"line":121,"column":null}},"loc":{"start":{"line":124,"column":2},"end":{"line":148,"column":null}}},"9":{"name":"(anonymous_9)","decl":{"start":{"line":125,"column":29},"end":{"line":125,"column":37}},"loc":{"start":{"line":125,"column":43},"end":{"line":125,"column":44}}}},"branchMap":{"0":{"loc":{"start":{"line":31,"column":2},"end":{"line":31,"column":null}},"type":"if","locations":[{"start":{"line":31,"column":2},"end":{"line":31,"column":null}},{"start":{},"end":{}}]},"1":{"loc":{"start":{"line":45,"column":4},"end":{"line":51,"column":null}},"type":"if","locations":[{"start":{"line":45,"column":4},"end":{"line":51,"column":null}},{"start":{},"end":{}}]},"2":{"loc":{"start":{"line":45,"column":8},"end":{"line":45,"column":36}},"type":"binary-expr","locations":[{"start":{"line":45,"column":8},"end":{"line":45,"column":15}},{"start":{"line":45,"column":15},"end":{"line":45,"column":36}}]},"3":{"loc":{"start":{"line":58,"column":25},"end":{"line":58,"column":null}},"type":"binary-expr","locations":[{"start":{"line":58,"column":25},"end":{"line":58,"column":51}},{"start":{"line":58,"column":51},"end":{"line":58,"column":null}}]},"4":{"loc":{"start":{"line":61,"column":6},"end":{"line":74,"column":null}},"type":"binary-expr","locations":[{"start":{"line":61,"column":6},"end":{"line":61,"column":null}},{"start":{"line":62,"column":7},"end":{"line":62,"column":29}},{"start":{"line":62,"column":29},"end":{"line":62,"column":null}},{"start":{"line":63,"column":6},"end":{"line":74,"column":null}}]},"5":{"loc":{"start":{"line":68,"column":19},"end":{"line":68,"column":null}},"type":"cond-expr","locations":[{"start":{"line":68,"column":44},"end":{"line":68,"column":61}},{"start":{"line":68,"column":61},"end":{"line":68,"column":null}}]},"6":{"loc":{"start":{"line":113,"column":2},"end":{"line":115,"column":null}},"type":"if","locations":[{"start":{"line":113,"column":2},"end":{"line":115,"column":null}},{"start":{},"end":{}}]},"7":{"loc":{"start":{"line":126,"column":2},"end":{"line":126,"column":null}},"type":"if","locations":[{"start":{"line":126,"column":2},"end":{"line":126,"column":null}},{"start":{},"end":{}}]},"8":{"loc":{"start":{"line":135,"column":31},"end":{"line":135,"column":null}},"type":"binary-expr","locations":[{"start":{"line":135,"column":31},"end":{"line":135,"column":65}},{"start":{"line":135,"column":65},"end":{"line":135,"column":null}}]},"9":{"loc":{"start":{"line":143,"column":29},"end":{"line":143,"column":null}},"type":"binary-expr","locations":[{"start":{"line":143,"column":29},"end":{"line":143,"column":63}},{"start":{"line":143,"column":63},"end":{"line":143,"column":null}}]}},"s":{"0":21,"1":2,"2":19,"3":19,"4":21,"5":30,"6":21,"7":20,"8":18,"9":38,"10":38,"11":38,"12":38,"13":38,"14":18,"15":18,"16":5,"17":4,"18":18,"19":20,"20":18,"21":18,"22":18,"23":72,"24":18,"25":1,"26":18,"27":60,"28":53,"29":60,"30":37,"31":23,"32":23,"33":23,"34":38,"35":38,"36":38,"37":38,"38":38,"39":38,"40":23},"f":{"0":21,"1":21,"2":30,"3":38,"4":5,"5":4,"6":20,"7":72,"8":60,"9":53},"b":{"0":[2,19],"1":[20,1],"2":[21,20],"3":[38,24],"4":[38,14,14,14],"5":[14,0],"6":[1,17],"7":[37,23],"8":[38,0],"9":[38,0]}}
,"/Users/guillaume/github/release-tools/merged-packages/apply-release-plan/src/utils.ts": {"path":"/Users/guillaume/github/release-tools/merged-packages/apply-release-plan/src/utils.ts","statementMap":{"0":{"start":{"line":9,"column":18},"end":{"line":9,"column":null}},"1":{"start":{"line":13,"column":16},"end":{"line":13,"column":null}},"2":{"start":{"line":14,"column":2},"end":{"line":16,"column":null}},"3":{"start":{"line":15,"column":4},"end":{"line":15,"column":null}},"4":{"start":{"line":17,"column":2},"end":{"line":17,"column":null}},"5":{"start":{"line":42,"column":2},"end":{"line":44,"column":null}},"6":{"start":{"line":43,"column":4},"end":{"line":43,"column":null}},"7":{"start":{"line":45,"column":29},"end":{"line":45,"column":null}},"8":{"start":{"line":46,"column":2},"end":{"line":66,"column":null}},"9":{"start":{"line":47,"column":4},"end":{"line":47,"column":null}},"10":{"start":{"line":48,"column":4},"end":{"line":65,"column":null}},"11":{"start":{"line":51,"column":8},"end":{"line":51,"column":null}},"12":{"start":{"line":54,"column":8},"end":{"line":54,"column":null}},"13":{"start":{"line":55,"column":8},"end":{"line":55,"column":null}},"14":{"start":{"line":57,"column":8},"end":{"line":62,"column":null}},"15":{"start":{"line":58,"column":10},"end":{"line":60,"column":null}},"16":{"start":{"line":67,"column":2},"end":{"line":70,"column":null}},"17":{"start":{"line":69,"column":4},"end":{"line":69,"column":null}},"18":{"start":{"line":72,"column":19},"end":{"line":72,"column":null}},"19":{"start":{"line":73,"column":21},"end":{"line":73,"column":null}},"20":{"start":{"line":75,"column":2},"end":{"line":77,"column":null}},"21":{"start":{"line":76,"column":4},"end":{"line":76,"column":null}},"22":{"start":{"line":78,"column":2},"end":{"line":78,"column":null}},"23":{"start":{"line":82,"column":2},"end":{"line":82,"column":null}}},"fnMap":{"0":{"name":"getBumpLevel","decl":{"start":{"line":12,"column":9},"end":{"line":12,"column":22}},"loc":{"start":{"line":12,"column":41},"end":{"line":18,"column":null}}},"1":{"name":"shouldUpdateDependencyBasedOnConfig","decl":{"start":{"line":20,"column":16},"end":{"line":20,"column":null}},"loc":{"start":{"line":41,"column":11},"end":{"line":79,"column":null}}},"2":{"name":"capitalize","decl":{"start":{"line":81,"column":16},"end":{"line":81,"column":27}},"loc":{"start":{"line":81,"column":40},"end":{"line":83,"column":null}}}},"branchMap":{"0":{"loc":{"start":{"line":14,"column":2},"end":{"line":16,"column":null}},"type":"if","locations":[{"start":{"line":14,"column":2},"end":{"line":16,"column":null}},{"start":{},"end":{}}]},"1":{"loc":{"start":{"line":42,"column":2},"end":{"line":44,"column":null}},"type":"if","locations":[{"start":{"line":42,"column":2},"end":{"line":44,"column":null}},{"start":{},"end":{}}]},"2":{"loc":{"start":{"line":46,"column":2},"end":{"line":66,"column":null}},"type":"if","locations":[{"start":{"line":46,"column":2},"end":{"line":66,"column":null}},{"start":{},"end":{}}]},"3":{"loc":{"start":{"line":48,"column":4},"end":{"line":65,"column":null}},"type":"switch","locations":[{"start":{"line":49,"column":6},"end":{"line":51,"column":null}},{"start":{"line":52,"column":6},"end":{"line":52,"column":null}},{"start":{"line":53,"column":6},"end":{"line":55,"column":null}},{"start":{"line":56,"column":6},"end":{"line":64,"column":null}}]},"4":{"loc":{"start":{"line":57,"column":8},"end":{"line":62,"column":null}},"type":"if","locations":[{"start":{"line":57,"column":8},"end":{"line":62,"column":null}},{"start":{},"end":{}}]},"5":{"loc":{"start":{"line":67,"column":2},"end":{"line":70,"column":null}},"type":"if","locations":[{"start":{"line":67,"column":2},"end":{"line":70,"column":null}},{"start":{},"end":{}}]},"6":{"loc":{"start":{"line":75,"column":2},"end":{"line":77,"column":null}},"type":"if","locations":[{"start":{"line":75,"column":2},"end":{"line":77,"column":null}},{"start":{},"end":{}}]}},"s":{"0":2,"1":82,"2":82,"3":0,"4":82,"5":68,"6":1,"7":67,"8":67,"9":6,"10":6,"11":1,"12":2,"13":2,"14":3,"15":0,"16":66,"17":25,"18":41,"19":41,"20":41,"21":1,"22":41,"23":23},"f":{"0":82,"1":68,"2":23},"b":{"0":[0,82],"1":[1,67],"2":[6,61],"3":[1,1,2,3],"4":[0,3],"5":[25,41],"6":[1,40]}}
,"/Users/guillaume/github/release-tools/merged-packages/apply-release-plan/src/version-package.ts": {"path":"/Users/guillaume/github/release-tools/merged-packages/apply-release-plan/src/version-package.ts","statementMap":{"0":{"start":{"line":10,"column":25},"end":{"line":15,"column":null}},"1":{"start":{"line":38,"column":44},"end":{"line":38,"column":null}},"2":{"start":{"line":40,"column":2},"end":{"line":112,"column":null}},"3":{"start":{"line":41,"column":17},"end":{"line":41,"column":null}},"4":{"start":{"line":42,"column":4},"end":{"line":111,"column":null}},"5":{"start":{"line":43,"column":6},"end":{"line":110,"column":null}},"6":{"start":{"line":44,"column":43},"end":{"line":44,"column":null}},"7":{"start":{"line":45,"column":8},"end":{"line":47,"column":null}},"8":{"start":{"line":46,"column":10},"end":{"line":46,"column":null}},"9":{"start":{"line":49,"column":32},"end":{"line":49,"column":null}},"10":{"start":{"line":50,"column":8},"end":{"line":68,"column":null}},"11":{"start":{"line":67,"column":10},"end":{"line":67,"column":null}},"12":{"start":{"line":69,"column":35},"end":{"line":69,"column":null}},"13":{"start":{"line":71,"column":8},"end":{"line":77,"column":null}},"14":{"start":{"line":76,"column":10},"end":{"line":76,"column":null}},"15":{"start":{"line":79,"column":8},"end":{"line":93,"column":null}},"16":{"start":{"line":80,"column":38},"end":{"line":83,"column":null}},"17":{"start":{"line":84,"column":10},"end":{"line":91,"column":null}},"18":{"start":{"line":90,"column":12},"end":{"line":90,"column":null}},"19":{"start":{"line":92,"column":10},"end":{"line":92,"column":null}},"20":{"start":{"line":94,"column":8},"end":{"line":109,"column":null}},"21":{"start":{"line":104,"column":28},"end":{"line":106,"column":null}},"22":{"start":{"line":107,"column":10},"end":{"line":107,"column":null}},"23":{"start":{"line":107,"column":34},"end":{"line":107,"column":null}},"24":{"start":{"line":108,"column":10},"end":{"line":108,"column":null}},"25":{"start":{"line":114,"column":2},"end":{"line":114,"column":null}},"26":{"start":{"line":122,"column":25},"end":{"line":122,"column":null}},"27":{"start":{"line":124,"column":22},"end":{"line":124,"column":null}},"28":{"start":{"line":126,"column":2},"end":{"line":149,"column":null}},"29":{"start":{"line":132,"column":23},"end":{"line":134,"column":null}},"30":{"start":{"line":133,"column":6},"end":{"line":133,"column":null}},"31":{"start":{"line":135,"column":23},"end":{"line":137,"column":null}},"32":{"start":{"line":136,"column":6},"end":{"line":136,"column":null}},"33":{"start":{"line":139,"column":4},"end":{"line":148,"column":null}},"34":{"start":{"line":140,"column":26},"end":{"line":140,"column":null}},"35":{"start":{"line":141,"column":6},"end":{"line":143,"column":null}},"36":{"start":{"line":142,"column":8},"end":{"line":142,"column":null}},"37":{"start":{"line":145,"column":6},"end":{"line":147,"column":null}},"38":{"start":{"line":151,"column":2},"end":{"line":151,"column":null}},"39":{"start":{"line":157,"column":2},"end":{"line":157,"column":null}},"40":{"start":{"line":157,"column":38},"end":{"line":157,"column":null}},"41":{"start":{"line":158,"column":2},"end":{"line":158,"column":null}},"42":{"start":{"line":158,"column":38},"end":{"line":158,"column":null}},"43":{"start":{"line":159,"column":2},"end":{"line":159,"column":null}},"44":{"start":{"line":159,"column":37},"end":{"line":159,"column":null}},"45":{"start":{"line":160,"column":2},"end":{"line":160,"column":null}},"46":{"start":{"line":160,"column":37},"end":{"line":160,"column":null}},"47":{"start":{"line":161,"column":2},"end":{"line":161,"column":null}},"48":{"start":{"line":161,"column":38},"end":{"line":161,"column":null}},"49":{"start":{"line":162,"column":2},"end":{"line":162,"column":null}}},"fnMap":{"0":{"name":"getDependencyVersionEdits","decl":{"start":{"line":27,"column":16},"end":{"line":27,"column":null}},"loc":{"start":{"line":37,"column":23},"end":{"line":115,"column":null}}},"1":{"name":"getNewDependencyRange","decl":{"start":{"line":117,"column":9},"end":{"line":117,"column":null}},"loc":{"start":{"line":121,"column":2},"end":{"line":152,"column":null}}},"2":{"name":"(anonymous_2)","decl":{"start":{"line":132,"column":35},"end":{"line":132,"column":41}},"loc":{"start":{"line":133,"column":6},"end":{"line":133,"column":null}}},"3":{"name":"(anonymous_3)","decl":{"start":{"line":135,"column":35},"end":{"line":135,"column":41}},"loc":{"start":{"line":136,"column":6},"end":{"line":136,"column":null}}},"4":{"name":"getVersionRangeType","decl":{"start":{"line":154,"column":9},"end":{"line":154,"column":null}},"loc":{"start":{"line":156,"column":38},"end":{"line":163,"column":null}}}},"branchMap":{"0":{"loc":{"start":{"line":42,"column":4},"end":{"line":111,"column":null}},"type":"if","locations":[{"start":{"line":42,"column":4},"end":{"line":111,"column":null}},{"start":{},"end":{}}]},"1":{"loc":{"start":{"line":45,"column":8},"end":{"line":47,"column":null}},"type":"if","locations":[{"start":{"line":45,"column":8},"end":{"line":47,"column":null}},{"start":{},"end":{}}]},"2":{"loc":{"start":{"line":45,"column":12},"end":{"line":45,"column":51}},"type":"binary-expr","locations":[{"start":{"line":45,"column":12},"end":{"line":45,"column":34}},{"start":{"line":45,"column":34},"end":{"line":45,"column":51}}]},"3":{"loc":{"start":{"line":50,"column":8},"end":{"line":68,"column":null}},"type":"if","locations":[{"start":{"line":50,"column":8},"end":{"line":68,"column":null}},{"start":{},"end":{}}]},"4":{"loc":{"start":{"line":51,"column":10},"end":{"line":65,"column":null}},"type":"binary-expr","locations":[{"start":{"line":51,"column":10},"end":{"line":51,"column":null}},{"start":{"line":52,"column":10},"end":{"line":52,"column":null}},{"start":{"line":53,"column":10},"end":{"line":53,"column":null}},{"start":{"line":54,"column":10},"end":{"line":65,"column":null}}]},"5":{"loc":{"start":{"line":71,"column":8},"end":{"line":77,"column":null}},"type":"if","locations":[{"start":{"line":71,"column":8},"end":{"line":77,"column":null}},{"start":{},"end":{}}]},"6":{"loc":{"start":{"line":72,"column":10},"end":{"line":74,"column":null}},"type":"binary-expr","locations":[{"start":{"line":72,"column":10},"end":{"line":72,"column":null}},{"start":{"line":73,"column":11},"end":{"line":73,"column":null}},{"start":{"line":74,"column":12},"end":{"line":74,"column":null}}]},"7":{"loc":{"start":{"line":79,"column":8},"end":{"line":93,"column":null}},"type":"if","locations":[{"start":{"line":79,"column":8},"end":{"line":93,"column":null}},{"start":{},"end":{}}]},"8":{"loc":{"start":{"line":84,"column":10},"end":{"line":91,"column":null}},"type":"if","locations":[{"start":{"line":84,"column":10},"end":{"line":91,"column":null}},{"start":{},"end":{}}]},"9":{"loc":{"start":{"line":85,"column":12},"end":{"line":88,"column":null}},"type":"binary-expr","locations":[{"start":{"line":85,"column":12},"end":{"line":85,"column":null}},{"start":{"line":86,"column":12},"end":{"line":86,"column":null}},{"start":{"line":87,"column":12},"end":{"line":87,"column":null}},{"start":{"line":88,"column":12},"end":{"line":88,"column":null}}]},"10":{"loc":{"start":{"line":94,"column":8},"end":{"line":109,"column":null}},"type":"if","locations":[{"start":{"line":94,"column":8},"end":{"line":109,"column":null}},{"start":{},"end":{}}]},"11":{"loc":{"start":{"line":99,"column":10},"end":{"line":102,"column":null}},"type":"binary-expr","locations":[{"start":{"line":99,"column":10},"end":{"line":99,"column":null}},{"start":{"line":102,"column":10},"end":{"line":102,"column":null}}]},"12":{"loc":{"start":{"line":104,"column":28},"end":{"line":106,"column":null}},"type":"cond-expr","locations":[{"start":{"line":105,"column":14},"end":{"line":105,"column":null}},{"start":{"line":106,"column":14},"end":{"line":106,"column":null}}]},"13":{"loc":{"start":{"line":107,"column":10},"end":{"line":107,"column":null}},"type":"if","locations":[{"start":{"line":107,"column":10},"end":{"line":107,"column":null}},{"start":{},"end":{}}]},"14":{"loc":{"start":{"line":124,"column":22},"end":{"line":124,"column":null}},"type":"cond-expr","locations":[{"start":{"line":124,"column":52},"end":{"line":124,"column":72}},{"start":{"line":124,"column":72},"end":{"line":124,"column":null}}]},"15":{"loc":{"start":{"line":126,"column":2},"end":{"line":149,"column":null}},"type":"if","locations":[{"start":{"line":126,"column":2},"end":{"line":149,"column":null}},{"start":{},"end":{}}]},"16":{"loc":{"start":{"line":128,"column":4},"end":{"line":130,"column":null}},"type":"binary-expr","locations":[{"start":{"line":128,"column":4},"end":{"line":128,"column":null}},{"start":{"line":129,"column":4},"end":{"line":129,"column":null}},{"start":{"line":130,"column":4},"end":{"line":130,"column":null}}]},"17":{"loc":{"start":{"line":139,"column":4},"end":{"line":148,"column":null}},"type":"if","locations":[{"start":{"line":139,"column":4},"end":{"line":148,"column":null}},{"start":{},"end":{}}]},"18":{"loc":{"start":{"line":139,"column":8},"end":{"line":139,"column":34}},"type":"binary-expr","locations":[{"start":{"line":139,"column":8},"end":{"line":139,"column":22}},{"start":{"line":139,"column":22},"end":{"line":139,"column":34}}]},"19":{"loc":{"start":{"line":141,"column":6},"end":{"line":143,"column":null}},"type":"if","locations":[{"start":{"line":141,"column":6},"end":{"line":143,"column":null}},{"start":{},"end":{}}]},"20":{"loc":{"start":{"line":145,"column":13},"end":{"line":147,"column":null}},"type":"cond-expr","locations":[{"start":{"line":146,"column":10},"end":{"line":146,"column":null}},{"start":{"line":147,"column":10},"end":{"line":147,"column":null}}]},"21":{"loc":{"start":{"line":157,"column":2},"end":{"line":157,"column":null}},"type":"if","locations":[{"start":{"line":157,"column":2},"end":{"line":157,"column":null}},{"start":{},"end":{}}]},"22":{"loc":{"start":{"line":158,"column":2},"end":{"line":158,"column":null}},"type":"if","locations":[{"start":{"line":158,"column":2},"end":{"line":158,"column":null}},{"start":{},"end":{}}]},"23":{"loc":{"start":{"line":159,"column":2},"end":{"line":159,"column":null}},"type":"if","locations":[{"start":{"line":159,"column":2},"end":{"line":159,"column":null}},{"start":{},"end":{}}]},"24":{"loc":{"start":{"line":160,"column":2},"end":{"line":160,"column":null}},"type":"if","locations":[{"start":{"line":160,"column":2},"end":{"line":160,"column":null}},{"start":{},"end":{}}]},"25":{"loc":{"start":{"line":161,"column":2},"end":{"line":161,"column":null}},"type":"if","locations":[{"start":{"line":161,"column":2},"end":{"line":161,"column":null}},{"start":{},"end":{}}]}},"s":{"0":1,"1":143,"2":143,"3":572,"4":572,"5":56,"6":122,"7":122,"8":7,"9":115,"10":115,"11":77,"12":38,"13":38,"14":3,"15":35,"16":6,"17":6,"18":3,"19":3,"20":32,"21":31,"22":31,"23":3,"24":31,"25":143,"26":30,"27":30,"28":30,"29":7,"30":8,"31":7,"32":13,"33":7,"34":7,"35":7,"36":6,"37":7,"38":23,"39":23,"40":9,"41":14,"42":4,"43":10,"44":0,"45":10,"46":0,"47":10,"48":0,"49":10},"f":{"0":143,"1":30,"2":8,"3":13,"4":23},"b":{"0":[56,516],"1":[7,115],"2":[122,121],"3":[77,38],"4":[115,56,54,54],"5":[3,35],"6":[38,32,31],"7":[6,29],"8":[3,3],"9":[6,5,4,3],"10":[31,1],"11":[32,1],"12":[1,30],"13":[3,28],"14":[30,0],"15":[7,23],"16":[30,20,7],"17":[7,0],"18":[7,7],"19":[6,1],"20":[6,1],"21":[9,14],"22":[4,10],"23":[0,10],"24":[0,10],"25":[0,10]}}
}
